<?xml version="1.0" encoding="UTF-8"?>
<!-- Generated by org.testng.reporters.JUnitReportReporter -->
<testsuite hostname="Terralogic" name="test.Regression.TestSc_01" tests="1" failures="0" timestamp="17 Mar 2017 06:54:17 GMT" time="26.743" errors="0">
  <testcase name="VerifyValidLogin_TC01" time="26.743" classname="test.Regression.TestSc_01"/>
</testsuite> <!-- test.Regression.TestSc_01 -->
